#
# A fatal error has been detected by the Java Runtime Environment:
#
#  EXCEPTION_ACCESS_VIOLATION (0xc0000005) at pc=0x0000000063af083d, pid=1744, tid=0x0000000000003bc0
#
# JRE version: Java(TM) SE Runtime Environment (8.0_162-b12) (build 1.8.0_162-b12)
# Java VM: Java HotSpot(TM) 64-Bit Server VM (25.162-b12 mixed mode windows-amd64 compressed oops)
# Problematic frame:
# V  [jvm.dll+0x1e083d]
#
# Failed to write core dump. Minidumps are not enabled by default on client versions of Windows
#
# If you would like to submit a bug report, please visit:
#   http://bugreport.java.com/bugreport/crash.jsp
#

---------------  T H R E A D  ---------------

Current thread (0x0000000020793800):  JavaThread "Thread-1" [_thread_in_vm, id=15296, stack(0x0000000022e70000,0x0000000022f70000)]

siginfo: ExceptionCode=0xc0000005, reading address 0x0000000000000010

Registers:
RAX=0x0000000000000000, RBX=0x0000000020793800, RCX=0x0000000000000380, RDX=0x0000000022f6ed18
RSP=0x0000000022f6ec30, RBP=0x0000000000000000, RSI=0x0000000000000010, RDI=0x0000000022f6f448
R8 =0x0000000000000000, R9 =0x0000000000000010, R10=0x00000000033a8c3b, R11=0x0000000063b3be30
R12=0x0000000000000000, R13=0x000000001c43c900, R14=0x0000000022f6ed18, R15=0x0000000020793800
RIP=0x0000000063af083d, EFLAGS=0x0000000000010246

Top of Stack: (sp=0x0000000022f6ec30)
0x0000000022f6ec30:   0000000000000000 0000000000000000
0x0000000022f6ec40:   000000002179da30 0000000020793800
0x0000000022f6ec50:   0000000000000001 00000000033a8c67
0x0000000022f6ec60:   000000001c43c900 0000000022f6ece0
0x0000000022f6ec70:   0000000000000002 00000000219fd628
0x0000000022f6ec80:   00000000000000b8 0000000020793800
0x0000000022f6ec90:   00000007c0218c28 00000007c0218c28
0x0000000022f6eca0:   0000000022f6eca0 0000000000000000
0x0000000022f6ecb0:   0000000022f6ed18 000000001c46b428
0x0000000022f6ecc0:   0000000000000000 000000001c43c900
0x0000000022f6ecd0:   0000000000000000 0000000022f6ed00
0x0000000022f6ece0:   0000000022f6ed60 0000000003397e70
0x0000000022f6ecf0:   0000000000000000 00000000033a21d7
0x0000000022f6ed00:   0000000000000010 00000000219fd628
0x0000000022f6ed10:   0000000000000000 000000076b408998
0x0000000022f6ed20:   0000000022f6ed20 00000000217d0615 

Instructions: (pc=0x0000000063af083d)
0x0000000063af081d:   74 08 48 8b cb e8 09 27 06 00 c7 83 70 02 00 00
0x0000000063af082d:   06 00 00 00 48 85 ff 74 03 48 8b 2f 48 8b 7b 48
0x0000000063af083d:   48 8b 2c 2e 48 8b 47 10 48 8b 77 08 48 83 38 00
0x0000000063af084d:   74 15 48 8b 57 28 48 8b ce e8 45 d5 ee ff 48 8b 


Register to memory mapping:

RAX=0x0000000000000000 is an unknown value
RBX=0x0000000020793800 is a thread
RCX=0x0000000000000380 is an unknown value
RDX=0x0000000022f6ed18 is pointing into the stack for thread: 0x0000000020793800
RSP=0x0000000022f6ec30 is pointing into the stack for thread: 0x0000000020793800
RBP=0x0000000000000000 is an unknown value
RSI=0x0000000000000010 is an unknown value
RDI=0x0000000022f6f448 is pointing into the stack for thread: 0x0000000020793800
R8 =0x0000000000000000 is an unknown value
R9 =0x0000000000000010 is an unknown value
R10=0x00000000033a8c3b is at code_begin+891 in an Interpreter codelet
method entry point (kind = native)  [0x00000000033a88c0, 0x00000000033a9280]  2496 bytes
R11=0x0000000063b3be30 is an unknown value
R12=0x0000000000000000 is an unknown value
R13={method} {0x000000001c43c908} 'getLong' '(Ljava/lang/Object;J)J' in 'sun/misc/Unsafe'
R14=0x0000000022f6ed18 is pointing into the stack for thread: 0x0000000020793800
R15=0x0000000020793800 is a thread


Stack: [0x0000000022e70000,0x0000000022f70000],  sp=0x0000000022f6ec30,  free space=1019k
Native frames: (J=compiled Java code, j=interpreted, Vv=VM code, C=native code)

Java frames: (J=compiled Java code, j=interpreted, Vv=VM code)
j  sun.misc.Unsafe.getLong(Ljava/lang/Object;J)J+0
j  io.netty.util.internal.PlatformDependent0.getLong(Ljava/lang/Object;J)J+5
j  io.netty.util.internal.PlatformDependent0.directBufferAddress(Ljava/nio/ByteBuffer;)J+4
j  io.netty.util.internal.PlatformDependent.directBufferAddress(Ljava/nio/ByteBuffer;)J+1
j  io.netty.buffer.PoolArena$DirectArena.memoryCopy(Ljava/nio/ByteBuffer;ILjava/nio/ByteBuffer;II)V+13
j  io.netty.buffer.PoolArena$DirectArena.memoryCopy(Ljava/lang/Object;ILjava/lang/Object;II)V+14
j  io.netty.buffer.PoolArena.reallocate(Lio/netty/buffer/PooledByteBuf;IZ)V+128
j  io.netty.buffer.PooledByteBuf.capacity(I)Lio/netty/buffer/ByteBuf;+155
j  io.netty.buffer.AbstractByteBuf.ensureWritable0(I)V+102
j  io.netty.buffer.AbstractByteBuf.ensureWritable(I)Lio/netty/buffer/ByteBuf;+30
j  io.netty.buffer.AbstractByteBuf.writeBytes([BII)Lio/netty/buffer/ByteBuf;+2
j  io.netty.buffer.AbstractByteBuf.writeBytes([B)Lio/netty/buffer/ByteBuf;+5
j  me.yorick.network.client.TCPClient$ClientChannelHandler$1.run()V+36
v  ~StubRoutines::call_stub

---------------  P R O C E S S  ---------------

Java Threads: ( => current thread )
=>0x0000000020793800 JavaThread "Thread-1" [_thread_in_vm, id=15296, stack(0x0000000022e70000,0x0000000022f70000)]
  0x0000000020416800 JavaThread "nioEventLoopGroup-2-1" [_thread_in_Java, id=14436, stack(0x0000000021a50000,0x0000000021b50000)]
  0x000000001edad000 JavaThread "Service Thread" daemon [_thread_blocked, id=6712, stack(0x000000001f880000,0x000000001f980000)]
  0x000000001ed2c800 JavaThread "C1 CompilerThread3" daemon [_thread_in_native, id=4352, stack(0x000000001f780000,0x000000001f880000)]
  0x000000001ed27000 JavaThread "C2 CompilerThread2" daemon [_thread_blocked, id=8448, stack(0x000000001f680000,0x000000001f780000)]
  0x000000001ed24000 JavaThread "C2 CompilerThread1" daemon [_thread_blocked, id=15036, stack(0x000000001f580000,0x000000001f680000)]
  0x000000001ed1d800 JavaThread "C2 CompilerThread0" daemon [_thread_blocked, id=11480, stack(0x000000001f480000,0x000000001f580000)]
  0x000000001ed1b800 JavaThread "Attach Listener" daemon [_thread_blocked, id=7296, stack(0x000000001f380000,0x000000001f480000)]
  0x000000001ecc9000 JavaThread "Signal Dispatcher" daemon [_thread_blocked, id=12708, stack(0x000000001f280000,0x000000001f380000)]
  0x000000001ecb0800 JavaThread "Finalizer" daemon [_thread_blocked, id=15592, stack(0x000000001f090000,0x000000001f190000)]
  0x0000000003387000 JavaThread "Reference Handler" daemon [_thread_blocked, id=15628, stack(0x000000001eb90000,0x000000001ec90000)]
  0x0000000003292800 JavaThread "main" [_thread_blocked, id=3688, stack(0x0000000003190000,0x0000000003290000)]

Other Threads:
  0x000000001cda9800 VMThread [stack: 0x000000001ea90000,0x000000001eb90000] [id=11936]
  0x000000001edcb000 WatcherThread [stack: 0x000000001f980000,0x000000001fa80000] [id=6860]

VM state:not at safepoint (normal execution)

VM Mutex/Monitor currently owned by a thread: None

Heap:
 PSYoungGen      total 76288K, used 62965K [0x000000076b400000, 0x0000000770900000, 0x00000007c0000000)
  eden space 65536K, 96% used [0x000000076b400000,0x000000076f17d5d0,0x000000076f400000)
  from space 10752K, 0% used [0x000000076fe80000,0x000000076fe80000,0x0000000770900000)
  to   space 10752K, 0% used [0x000000076f400000,0x000000076f400000,0x000000076fe80000)
 ParOldGen       total 175104K, used 0K [0x00000006c1c00000, 0x00000006cc700000, 0x000000076b400000)
  object space 175104K, 0% used [0x00000006c1c00000,0x00000006c1c00000,0x00000006cc700000)
 Metaspace       used 18659K, capacity 19122K, committed 19328K, reserved 1067008K
  class space    used 2379K, capacity 2635K, committed 2688K, reserved 1048576K

Card table byte_map: [0x0000000012750000,0x0000000012f50000] byte_map_base: 0x000000000f142000

Marking Bits: (ParMarkBitMap*) 0x0000000064130860
 Begin Bits: [0x0000000013ca0000, 0x0000000017c30000)
 End Bits:   [0x0000000017c30000, 0x000000001bbc0000)

Polling page: 0x0000000001410000

CodeCache: size=245760Kb used=5050Kb max_used=5050Kb free=240709Kb
 bounds [0x0000000003390000, 0x0000000003890000, 0x0000000012390000]
 total_blobs=2062 nmethods=1619 adapters=355
 compilation: enabled

Compilation events (10 events):
Event: 1.511 Thread 0x000000001ed2c800 nmethod 1538 0x000000000385f210 code [0x000000000385f360, 0x000000000385f470]
Event: 1.511 Thread 0x000000001ed2c800 1543       1       io.netty.channel.DefaultChannelPromise::channel (5 bytes)
Event: 1.511 Thread 0x000000001ed2c800 nmethod 1543 0x000000000385ef50 code [0x000000000385f0a0, 0x000000000385f1b0]
Event: 1.511 Thread 0x000000001ed2c800 1542       1       io.netty.util.Recycler$WeakOrderQueue$Link::access$1200 (5 bytes)
Event: 1.511 Thread 0x000000001ed2c800 nmethod 1542 0x000000000385ec90 code [0x000000000385ede0, 0x000000000385eed0]
Event: 1.511 Thread 0x000000001ed2c800 1544       1       io.netty.util.Recycler$DefaultHandle::access$1100 (5 bytes)
Event: 1.511 Thread 0x000000001ed2c800 nmethod 1544 0x000000000385e9d0 code [0x000000000385eb20, 0x000000000385ec10]
Event: 1.511 Thread 0x000000001ed2c800 1545       1       io.netty.util.Recycler$DefaultHandle::access$1400 (5 bytes)
Event: 1.511 Thread 0x000000001ed2c800 nmethod 1545 0x000000000385e710 code [0x000000000385e860, 0x000000000385e950]
Event: 1.512 Thread 0x000000001ed2c800 1546       3       io.netty.util.internal.InternalThreadLocalMap::get (23 bytes)

GC Heap History (0 events):
No events

Deoptimization events (9 events):
Event: 0.106 Thread 0x0000000003292800 Uncommon trap: reason=unstable_if action=reinterpret pc=0x00000000034b3e44 method=java.lang.String.hashCode()I @ 14
Event: 0.395 Thread 0x0000000003292800 Uncommon trap: reason=unstable_if action=reinterpret pc=0x00000000035659d8 method=sun.misc.MetaIndex.mayContain(Ljava/lang/String;)Z @ 38
Event: 0.408 Thread 0x0000000003292800 Uncommon trap: reason=unstable_if action=reinterpret pc=0x00000000035b2db8 method=java.util.HashMap.getNode(ILjava/lang/Object;)Ljava/util/HashMap$Node; @ 62
Event: 0.552 Thread 0x0000000003292800 Uncommon trap: reason=unstable_if action=reinterpret pc=0x0000000003503e74 method=java.lang.String.indexOf([CII[CIII)I @ 3
Event: 0.728 Thread 0x0000000003292800 Uncommon trap: reason=unstable_if action=reinterpret pc=0x00000000037079c0 method=jdk.internal.org.objectweb.asm.Type.getArgumentsAndReturnSizes(Ljava/lang/String;)I @ 88
Event: 0.787 Thread 0x0000000003292800 Uncommon trap: reason=unstable_if action=reinterpret pc=0x00000000035ca7a0 method=java.util.HashMap.getNode(ILjava/lang/Object;)Ljava/util/HashMap$Node; @ 129
Event: 0.792 Thread 0x0000000003292800 Uncommon trap: reason=range_check action=make_not_entrant pc=0x00000000035d81a8 method=sun.reflect.generics.parser.SignatureParser.current()C @ 34
Event: 0.878 Thread 0x0000000003292800 Uncommon trap: reason=unstable_if action=reinterpret pc=0x00000000035c0f1c method=java.lang.AbstractStringBuilder.append(Ljava/lang/String;)Ljava/lang/AbstractStringBuilder; @ 1
Event: 0.930 Thread 0x0000000003292800 Uncommon trap: reason=unstable_if action=reinterpret pc=0x000000000358d140 method=java.io.WinNTFileSystem.normalize(Ljava/lang/String;)Ljava/lang/String; @ 128

Classes redefined (0 events):
No events

Internal exceptions (10 events):
Event: 0.157 Thread 0x0000000003292800 Exception <a 'java/security/PrivilegedActionException'> (0x000000076b75ae70) thrown at [C:\re\workspace\8-2-build-windows-amd64-cygwin\jdk8u162\10278\hotspot\src\share\vm\prims\jvm.cpp, line 1390]
Event: 0.157 Thread 0x0000000003292800 Exception <a 'java/security/PrivilegedActionException'> (0x000000076b75b080) thrown at [C:\re\workspace\8-2-build-windows-amd64-cygwin\jdk8u162\10278\hotspot\src\share\vm\prims\jvm.cpp, line 1390]
Event: 0.158 Thread 0x0000000003292800 Exception <a 'java/security/PrivilegedActionException'> (0x000000076b75f178) thrown at [C:\re\workspace\8-2-build-windows-amd64-cygwin\jdk8u162\10278\hotspot\src\share\vm\prims\jvm.cpp, line 1390]
Event: 0.158 Thread 0x0000000003292800 Exception <a 'java/security/PrivilegedActionException'> (0x000000076b75f388) thrown at [C:\re\workspace\8-2-build-windows-amd64-cygwin\jdk8u162\10278\hotspot\src\share\vm\prims\jvm.cpp, line 1390]
Event: 0.578 Thread 0x0000000003292800 Exception <a 'java/lang/NoSuchFieldError': method resolution failed> (0x000000076cf15160) thrown at [C:\re\workspace\8-2-build-windows-amd64-cygwin\jdk8u162\10278\hotspot\src\share\vm\prims\methodHandles.cpp, line 1167]
Event: 0.579 Thread 0x0000000003292800 Exception <a 'java/lang/NoSuchFieldError': method resolution failed> (0x000000076cf22850) thrown at [C:\re\workspace\8-2-build-windows-amd64-cygwin\jdk8u162\10278\hotspot\src\share\vm\prims\methodHandles.cpp, line 1167]
Event: 0.792 Thread 0x0000000003292800 Exception <a 'java/lang/ArrayIndexOutOfBoundsException': 18> (0x000000076dc0eb40) thrown at [C:\re\workspace\8-2-build-windows-amd64-cygwin\jdk8u162\10278\hotspot\src\share\vm\interpreter\interpreterRuntime.cpp, line 366]
Event: 0.793 Thread 0x0000000003292800 Exception <a 'java/lang/ArrayIndexOutOfBoundsException': 110> (0x000000076dc10098) thrown at [C:\re\workspace\8-2-build-windows-amd64-cygwin\jdk8u162\10278\hotspot\src\share\vm\interpreter\interpreterRuntime.cpp, line 366]
Event: 0.878 Thread 0x0000000003292800 Implicit null exception at 0x00000000035c0b56 to 0x00000000035c0f05
Event: 0.881 Thread 0x0000000003292800 Exception <a 'java/lang/NoSuchMethodError': org.slf4j.impl.StaticMarkerBinder.getSingleton()Lorg/slf4j/impl/StaticMarkerBinder;> (0x000000076e0c5f10) thrown at [C:\re\workspace\8-2-build-windows-amd64-cygwin\jdk8u162\10278\hotspot\src\share\vm\interpreter

Events (10 events):
Event: 1.509 loading class sun/nio/ch/IOVecWrapper
Event: 1.510 loading class sun/nio/ch/IOVecWrapper done
Event: 1.510 loading class sun/nio/ch/IOVecWrapper$Deallocator
Event: 1.510 loading class sun/nio/ch/IOVecWrapper$Deallocator done
Event: 1.510 loading class io/netty/buffer/PoolThreadCache$1
Event: 1.510 loading class io/netty/buffer/PoolThreadCache$1 done
Event: 1.511 loading class io/netty/buffer/PoolThreadCache$MemoryRegionCache$Entry
Event: 1.511 loading class io/netty/buffer/PoolThreadCache$MemoryRegionCache$Entry done
Event: 1.511 loading class io/netty/util/internal/PromiseNotificationUtil
Event: 1.511 loading class io/netty/util/internal/PromiseNotificationUtil done


Dynamic libraries:
0x00007ff7cb2f0000 - 0x00007ff7cb327000 	C:\Program Files\Java\jdk1.8.0_162\bin\javaw.exe
0x00007ff8b19a0000 - 0x00007ff8b1b81000 	C:\WINDOWS\SYSTEM32\ntdll.dll
0x00007ff8af0a0000 - 0x00007ff8af152000 	C:\WINDOWS\System32\KERNEL32.DLL
0x00007ff8ade70000 - 0x00007ff8ae0e3000 	C:\WINDOWS\System32\KERNELBASE.dll
0x00007ff8b0dc0000 - 0x00007ff8b0e61000 	C:\WINDOWS\System32\ADVAPI32.dll
0x00007ff8af230000 - 0x00007ff8af2ce000 	C:\WINDOWS\System32\msvcrt.dll
0x00007ff8b18e0000 - 0x00007ff8b193b000 	C:\WINDOWS\System32\sechost.dll
0x00007ff8b17b0000 - 0x00007ff8b18d4000 	C:\WINDOWS\System32\RPCRT4.dll
0x00007ff8af2d0000 - 0x00007ff8af460000 	C:\WINDOWS\System32\USER32.dll
0x00007ff8ae4e0000 - 0x00007ff8ae500000 	C:\WINDOWS\System32\win32u.dll
0x00007ff8b1940000 - 0x00007ff8b1968000 	C:\WINDOWS\System32\GDI32.dll
0x00007ff8ae150000 - 0x00007ff8ae2e2000 	C:\WINDOWS\System32\gdi32full.dll
0x00007ff8ae500000 - 0x00007ff8ae59f000 	C:\WINDOWS\System32\msvcp_win.dll
0x00007ff8add70000 - 0x00007ff8ade6a000 	C:\WINDOWS\System32\ucrtbase.dll
0x00007ff893110000 - 0x00007ff893379000 	C:\WINDOWS\WinSxS\amd64_microsoft.windows.common-controls_6595b64144ccf1df_6.0.17134.407_none_fb449d63306391e9\COMCTL32.dll
0x00007ff8af490000 - 0x00007ff8af7b2000 	C:\WINDOWS\System32\combase.dll
0x00007ff8aecb0000 - 0x00007ff8aed2a000 	C:\WINDOWS\System32\bcryptPrimitives.dll
0x00007ff8af7c0000 - 0x00007ff8af7ed000 	C:\WINDOWS\System32\IMM32.DLL
0x0000000065da0000 - 0x0000000065e71000 	C:\Program Files\Java\jdk1.8.0_162\jre\bin\msvcr100.dll
0x0000000063910000 - 0x00000000641b0000 	C:\Program Files\Java\jdk1.8.0_162\jre\bin\server\jvm.dll
0x00007ff8b12c0000 - 0x00007ff8b12c8000 	C:\WINDOWS\System32\PSAPI.DLL
0x00007ff8a0400000 - 0x00007ff8a0409000 	C:\WINDOWS\SYSTEM32\WSOCK32.dll
0x00007ff8a6140000 - 0x00007ff8a6163000 	C:\WINDOWS\SYSTEM32\WINMM.dll
0x00007ff8a0410000 - 0x00007ff8a041a000 	C:\WINDOWS\SYSTEM32\VERSION.dll
0x00007ff8b1390000 - 0x00007ff8b13fc000 	C:\WINDOWS\System32\WS2_32.dll
0x00007ff8a5630000 - 0x00007ff8a565a000 	C:\WINDOWS\SYSTEM32\WINMMBASE.dll
0x00007ff8aede0000 - 0x00007ff8aee29000 	C:\WINDOWS\System32\cfgmgr32.dll
0x0000000065d90000 - 0x0000000065d9f000 	C:\Program Files\Java\jdk1.8.0_162\jre\bin\verify.dll
0x0000000065bb0000 - 0x0000000065bd9000 	C:\Program Files\Java\jdk1.8.0_162\jre\bin\java.dll
0x0000000065b90000 - 0x0000000065ba6000 	C:\Program Files\Java\jdk1.8.0_162\jre\bin\zip.dll
0x00007ff8af8e0000 - 0x00007ff8b0d1f000 	C:\WINDOWS\System32\SHELL32.dll
0x00007ff8aef90000 - 0x00007ff8af039000 	C:\WINDOWS\System32\shcore.dll
0x00007ff8ae5a0000 - 0x00007ff8aecad000 	C:\WINDOWS\System32\windows.storage.dll
0x00007ff8af040000 - 0x00007ff8af091000 	C:\WINDOWS\System32\shlwapi.dll
0x00007ff8add20000 - 0x00007ff8add31000 	C:\WINDOWS\System32\kernel.appcore.dll
0x00007ff8add50000 - 0x00007ff8add6f000 	C:\WINDOWS\System32\profapi.dll
0x00007ff8adcd0000 - 0x00007ff8add1c000 	C:\WINDOWS\System32\powrprof.dll
0x00007ff8add40000 - 0x00007ff8add4a000 	C:\WINDOWS\System32\FLTLIB.DLL
0x0000000065b80000 - 0x0000000065b8d000 	C:\Program Files\Java\jdk1.8.0_162\jre\bin\management.dll
0x0000000065b60000 - 0x0000000065b7a000 	C:\Program Files\Java\jdk1.8.0_162\jre\bin\net.dll
0x00007ff8ad4e0000 - 0x00007ff8ad546000 	C:\WINDOWS\system32\mswsock.dll
0x00007ff8892c0000 - 0x00007ff8892d6000 	C:\WINDOWS\system32\napinsp.dll
0x00007ff8892a0000 - 0x00007ff8892ba000 	C:\WINDOWS\system32\pnrpnsp.dll
0x00007ff8a83b0000 - 0x00007ff8a83c9000 	C:\WINDOWS\system32\NLAapi.dll
0x00007ff8ad2b0000 - 0x00007ff8ad36e000 	C:\WINDOWS\SYSTEM32\DNSAPI.dll
0x00007ff8af480000 - 0x00007ff8af488000 	C:\WINDOWS\System32\NSI.dll
0x00007ff8ad270000 - 0x00007ff8ad2a8000 	C:\WINDOWS\SYSTEM32\IPHLPAPI.DLL
0x00007ff889290000 - 0x00007ff88929e000 	C:\WINDOWS\System32\winrnr.dll
0x00007ff88f950000 - 0x00007ff88f965000 	C:\WINDOWS\System32\wshbth.dll
0x00007ff8a6960000 - 0x00007ff8a696a000 	C:\Windows\System32\rasadhlp.dll
0x00007ff8a76a0000 - 0x00007ff8a7712000 	C:\WINDOWS\System32\fwpuclnt.dll
0x00007ff8ad810000 - 0x00007ff8ad835000 	C:\WINDOWS\SYSTEM32\bcrypt.dll
0x0000000065b40000 - 0x0000000065b51000 	C:\Program Files\Java\jdk1.8.0_162\jre\bin\nio.dll
0x00007ff8ad6f0000 - 0x00007ff8ad707000 	C:\WINDOWS\SYSTEM32\CRYPTSP.dll
0x00007ff8ad0d0000 - 0x00007ff8ad103000 	C:\WINDOWS\system32\rsaenh.dll
0x00007ff8adbe0000 - 0x00007ff8adc08000 	C:\WINDOWS\SYSTEM32\USERENV.dll
0x00007ff8ad640000 - 0x00007ff8ad64b000 	C:\WINDOWS\SYSTEM32\CRYPTBASE.dll
0x00007ff8a7a30000 - 0x00007ff8a7a46000 	C:\WINDOWS\SYSTEM32\dhcpcsvc6.DLL
0x00007ff8a79f0000 - 0x00007ff8a7a0a000 	C:\WINDOWS\SYSTEM32\dhcpcsvc.DLL
0x00007ff8ac6b0000 - 0x00007ff8ac879000 	C:\WINDOWS\SYSTEM32\dbghelp.dll

VM Arguments:
jvm_args: -Dfile.encoding=UTF-8 
java_command: me.yorick.network.test.TCPClientTest
java_class_path (initial): C:\Program Files\Java\jdk1.8.0_162\jre\lib\resources.jar;C:\Program Files\Java\jdk1.8.0_162\jre\lib\rt.jar;C:\Program Files\Java\jdk1.8.0_162\jre\lib\jsse.jar;C:\Program Files\Java\jdk1.8.0_162\jre\lib\jce.jar;C:\Program Files\Java\jdk1.8.0_162\jre\lib\charsets.jar;C:\Program Files\Java\jdk1.8.0_162\jre\lib\jfr.jar;C:\Program Files\Java\jdk1.8.0_162\jre\lib\ext\access-bridge-64.jar;C:\Program Files\Java\jdk1.8.0_162\jre\lib\ext\cldrdata.jar;C:\Program Files\Java\jdk1.8.0_162\jre\lib\ext\dnsns.jar;C:\Program Files\Java\jdk1.8.0_162\jre\lib\ext\jaccess.jar;C:\Program Files\Java\jdk1.8.0_162\jre\lib\ext\jfxrt.jar;C:\Program Files\Java\jdk1.8.0_162\jre\lib\ext\localedata.jar;C:\Program Files\Java\jdk1.8.0_162\jre\lib\ext\nashorn.jar;C:\Program Files\Java\jdk1.8.0_162\jre\lib\ext\sunec.jar;C:\Program Files\Java\jdk1.8.0_162\jre\lib\ext\sunjce_provider.jar;C:\Program Files\Java\jdk1.8.0_162\jre\lib\ext\sunmscapi.jar;C:\Program Files\Java\jdk1.8.0_162\jre\lib\ext\sunpkcs11.jar;C:\Program Files\Java\jdk1.8.0_162\jre\lib\ext\zipfs.jar;C:\me\github\me.yorick.network.netty-factory\target\test-classes;C:\me\github\me.yorick.network.netty-factory\target\classes;C:\Users\Yorick\.m2\repository\org\junit\jupiter\junit-jupiter-api\5.3.1\junit-jupiter-api-5.3.1.jar;C:\Users\Yorick\.m2\repository\org\apiguardian\apiguardian-api\1.0.0\apiguardian-api-1.0.0.jar;C:\Users\Yorick\.m2\repository\org\opentest4j\opentest4j\1.1.1\opentest4j-1.1.1.jar;C:\Users\Yorick\.m2\repository\org\junit\platform\junit-platform-commons\1.3.1\junit-platform-commons-1.3.1.jar;C:\Users\Yorick\.m2\repository\org\slf4j\slf4j-api\1.7.25\slf4j-api-1.7.25.jar;C:\Users\Yorick\.m2\repository\org\apache\logging\log4j\log4j-slf4j-impl\2.11.1\log4j-slf4j-impl-2.11.1.jar;C:\Users\Yorick\.m2\repository\org\apache\logging\log4j\log4j-api\2.11.1\log4j-api-2.11.1.jar;C:\Users\Yorick\.m2\repository\org\apache\logging\log4j\log4j-core\2.11.1\log4j-core-2.11.1.jar;C:\Users\Yorick\.m2\repository\io\n
Launcher Type: SUN_STANDARD

Environment Variables:
JAVA_HOME=C:\Program Files\Java\jdk1.8.0_162
PATH=C:/Program Files/Java/jre1.8.0_191/bin/server;C:/Program Files/Java/jre1.8.0_191/bin;C:/Program Files/Java/jre1.8.0_191/lib/amd64;C:\Program Files (x86)\Common Files\Oracle\Java\javapath;C:\Program Files\Docker\Docker\Resources\bin;C:\ProgramData\Oracle\Java\javapath;C:\WINDOWS\system32;C:\WINDOWS;C:\WINDOWS\System32\Wbem;C:\WINDOWS\System32\WindowsPowerShell\v1.0\;C:\apache-maven-3.5.3\bin;C:\Program Files\PuTTY\;C:\Program Files\Git\cmd;C:\Go\bin;C:\dep.exe;C:\WINDOWS\System32\OpenSSH\;C:\gradle-4.7\bin;;C:\Program Files\Microsoft VS Code\bin;C:\Program Files\Intel\WiFi\bin\;C:\Program Files\Common Files\Intel\WirelessCommon\;C:\Program Files\nodejs\;C:\Users\Yorick\AppData\Local\Microsoft\WindowsApps;C:\Program Files\Microsoft VS Code\bin;C:\Users\Yorick\AppData\Local\Google\Cloud SDK\google-cloud-sdk\bin;C:\Users\Yorick\AppData\Roaming\npm;C:\Users\Yorick\AppData\Local\Programs\Microsoft VS Code\bin;C:\WINDOWS\system32;
USERNAME=Yorick
OS=Windows_NT
PROCESSOR_IDENTIFIER=Intel64 Family 6 Model 142 Stepping 10, GenuineIntel



---------------  S Y S T E M  ---------------

OS: Windows 10.0 , 64 bit Build 17134 (10.0.17134.1)

CPU:total 8 (initial active 8) (4 cores per cpu, 2 threads per core) family 6 model 142 stepping 10, cmov, cx8, fxsr, mmx, sse, sse2, sse3, ssse3, sse4.1, sse4.2, popcnt, avx, avx2, aes, clmul, erms, 3dnowpref, lzcnt, ht, tsc, tscinvbit, bmi1, bmi2, adx

Memory: 4k page, physical 16657260k(8195688k free), swap 19147628k(6927224k free)

vm_info: Java HotSpot(TM) 64-Bit Server VM (25.162-b12) for windows-amd64 JRE (1.8.0_162-b12), built on Dec 19 2017 20:00:03 by "java_re" with MS VC++ 10.0 (VS2010)

time: Fri Nov 23 17:18:53 2018
elapsed time: 1 seconds (0d 0h 0m 1s)

